0 info it worked if it ends with ok
1 verbose cli [ 'node', '/usr/local/bin/npm', 'install', '-g', 'gulp' ]
2 info using npm@1.4.21
3 info using node@v0.10.30
4 verbose cache add [ 'gulp', null ]
5 verbose cache add name=undefined spec="gulp" args=["gulp",null]
6 verbose parsed url { protocol: null,
6 verbose parsed url   slashes: null,
6 verbose parsed url   auth: null,
6 verbose parsed url   host: null,
6 verbose parsed url   port: null,
6 verbose parsed url   hostname: null,
6 verbose parsed url   hash: null,
6 verbose parsed url   search: null,
6 verbose parsed url   query: null,
6 verbose parsed url   pathname: 'gulp',
6 verbose parsed url   path: 'gulp',
6 verbose parsed url   href: 'gulp' }
7 silly lockFile 9750c68d-gulp gulp
8 verbose lock gulp /Users/dangson/.npm/9750c68d-gulp.lock
9 silly lockFile 9750c68d-gulp gulp
10 silly lockFile 9750c68d-gulp gulp
11 verbose addNamed [ 'gulp', '' ]
12 verbose addNamed [ null, '*' ]
13 silly lockFile 72f4391e-gulp gulp@
14 verbose lock gulp@ /Users/dangson/.npm/72f4391e-gulp.lock
15 silly addNameRange { name: 'gulp', range: '*', hasData: false }
16 verbose request where is /gulp
17 verbose request registry https://registry.npmjs.org/
18 verbose request id c2847e2e5ba7ae6b
19 verbose url raw /gulp
20 verbose url resolving [ 'https://registry.npmjs.org/', './gulp' ]
21 verbose url resolved https://registry.npmjs.org/gulp
22 verbose request where is https://registry.npmjs.org/gulp
23 info trying registry request attempt 1 at 07:27:08
24 verbose etag "ATTOQFOJNBTSDNW5FT8HENJ6J"
25 http GET https://registry.npmjs.org/gulp
26 http 304 https://registry.npmjs.org/gulp
27 silly registry.get cb [ 304,
27 silly registry.get   { date: 'Sun, 27 Dec 2015 00:27:09 GMT',
27 silly registry.get     via: '1.1 varnish',
27 silly registry.get     'cache-control': 'max-age=300',
27 silly registry.get     etag: '"ATTOQFOJNBTSDNW5FT8HENJ6J"',
27 silly registry.get     age: '13',
27 silly registry.get     connection: 'keep-alive',
27 silly registry.get     'x-served-by': 'cache-hkg6824-HKG',
27 silly registry.get     'x-cache': 'HIT',
27 silly registry.get     'x-cache-hits': '1',
27 silly registry.get     'x-timer': 'S1451176029.649094,VS0,VE0',
27 silly registry.get     vary: 'Accept' } ]
28 verbose etag https://registry.npmjs.org/gulp from cache
29 silly addNameRange number 2 { name: 'gulp', range: '*', hasData: true }
30 silly addNameRange versions [ 'gulp',
30 silly addNameRange   [ '0.0.1',
30 silly addNameRange     '0.0.2',
30 silly addNameRange     '0.0.3',
30 silly addNameRange     '0.0.4',
30 silly addNameRange     '0.0.5',
30 silly addNameRange     '0.0.7',
30 silly addNameRange     '0.0.8',
30 silly addNameRange     '0.0.9',
30 silly addNameRange     '0.1.0',
30 silly addNameRange     '0.2.0',
30 silly addNameRange     '1.0.0',
30 silly addNameRange     '1.1.0',
30 silly addNameRange     '1.2.0',
30 silly addNameRange     '1.2.1',
30 silly addNameRange     '2.0.0',
30 silly addNameRange     '2.0.1',
30 silly addNameRange     '2.1.0',
30 silly addNameRange     '2.2.0',
30 silly addNameRange     '2.3.0',
30 silly addNameRange     '2.4.0',
30 silly addNameRange     '2.4.1',
30 silly addNameRange     '2.6.0',
30 silly addNameRange     '2.6.1',
30 silly addNameRange     '2.7.0',
30 silly addNameRange     '3.0.0',
30 silly addNameRange     '3.1.1',
30 silly addNameRange     '3.1.2',
30 silly addNameRange     '3.1.3',
30 silly addNameRange     '3.1.4',
30 silly addNameRange     '3.2.0',
30 silly addNameRange     '3.2.1',
30 silly addNameRange     '3.2.2',
30 silly addNameRange     '3.2.3',
30 silly addNameRange     '3.2.4',
30 silly addNameRange     '3.2.5',
30 silly addNameRange     '3.3.0',
30 silly addNameRange     '3.3.1',
30 silly addNameRange     '3.3.2',
30 silly addNameRange     '3.3.4',
30 silly addNameRange     '3.4.0',
30 silly addNameRange     '3.5.0',
30 silly addNameRange     '3.5.1',
30 silly addNameRange     '3.5.2',
30 silly addNameRange     '3.5.5',
30 silly addNameRange     '3.5.6',
30 silly addNameRange     '3.6.0',
30 silly addNameRange     '3.6.1',
30 silly addNameRange     '3.6.2',
30 silly addNameRange     '3.7.0',
30 silly addNameRange     '3.8.0',
30 silly addNameRange     '3.8.1',
30 silly addNameRange     '3.8.2',
30 silly addNameRange     '3.8.3',
30 silly addNameRange     '3.8.4',
30 silly addNameRange     '3.8.5',
30 silly addNameRange     '3.8.6',
30 silly addNameRange     '3.8.7',
30 silly addNameRange     '3.8.8',
30 silly addNameRange     '3.8.9',
30 silly addNameRange     '3.8.10',
30 silly addNameRange     '3.8.11',
30 silly addNameRange     '3.9.0' ] ]
31 verbose addNamed [ 'gulp', '3.9.0' ]
32 verbose addNamed [ '3.9.0', '3.9.0' ]
33 silly lockFile c2697a61-gulp-3-9-0 gulp@3.9.0
34 verbose lock gulp@3.9.0 /Users/dangson/.npm/c2697a61-gulp-3-9-0.lock
35 silly lockFile c2697a61-gulp-3-9-0 gulp@3.9.0
36 silly lockFile c2697a61-gulp-3-9-0 gulp@3.9.0
37 silly lockFile 72f4391e-gulp gulp@
38 silly lockFile 72f4391e-gulp gulp@
39 silly resolved [ { name: 'gulp',
39 silly resolved     description: 'The streaming build system',
39 silly resolved     version: '3.9.0',
39 silly resolved     homepage: 'http://gulpjs.com',
39 silly resolved     repository: { type: 'git', url: 'git+https://github.com/gulpjs/gulp.git' },
39 silly resolved     author:
39 silly resolved      { name: 'Fractal',
39 silly resolved        email: 'contact@wearefractal.com',
39 silly resolved        url: 'http://wearefractal.com/' },
39 silly resolved     tags: [ 'build', 'stream', 'system', 'make', 'tool', 'asset', 'pipeline' ],
39 silly resolved     files: [ 'index.js', 'lib', 'bin', 'completion' ],
39 silly resolved     bin: { gulp: './bin/gulp.js' },
39 silly resolved     man: [ 'gulp.1' ],
39 silly resolved     dependencies:
39 silly resolved      { archy: '^1.0.0',
39 silly resolved        chalk: '^1.0.0',
39 silly resolved        deprecated: '^0.0.1',
39 silly resolved        'gulp-util': '^3.0.0',
39 silly resolved        interpret: '^0.6.2',
39 silly resolved        liftoff: '^2.1.0',
39 silly resolved        minimist: '^1.1.0',
39 silly resolved        orchestrator: '^0.3.0',
39 silly resolved        'pretty-hrtime': '^1.0.0',
39 silly resolved        semver: '^4.1.0',
39 silly resolved        tildify: '^1.0.0',
39 silly resolved        v8flags: '^2.0.2',
39 silly resolved        'vinyl-fs': '^0.3.0' },
39 silly resolved     devDependencies:
39 silly resolved      { coveralls: '^2.7.0',
39 silly resolved        'graceful-fs': '^3.0.0',
39 silly resolved        istanbul: '^0.3.0',
39 silly resolved        jscs: '~1.12.0',
39 silly resolved        jshint: '^2.5.0',
39 silly resolved        'jshint-stylish': '^1.0.0',
39 silly resolved        'marked-man': '^0.1.3',
39 silly resolved        mkdirp: '^0.5.0',
39 silly resolved        mocha: '^2.0.1',
39 silly resolved        'mocha-lcov-reporter': '^0.0.1',
39 silly resolved        q: '^1.0.0',
39 silly resolved        rimraf: '^2.2.5',
39 silly resolved        should: '^5.0.1' },
39 silly resolved     scripts:
39 silly resolved      { prepublish: 'marked-man --name gulp docs/CLI.md > gulp.1',
39 silly resolved        lint: 'jshint lib bin test index.js --reporter node_modules/jshint-stylish/stylish.js --exclude node_modules && jscs lib bin test index.js',
39 silly resolved        test: 'npm run-script lint && mocha --reporter spec',
39 silly resolved        coveralls: 'istanbul cover _mocha --report lcovonly -- -R spec && cat ./coverage/lcov.info | coveralls && rm -rf ./coverage' },
39 silly resolved     engines: { node: '>= 0.9' },
39 silly resolved     license: 'MIT',
39 silly resolved     gitHead: '657213a52d5e9c19b85df6a42f76341a98c08ae8',
39 silly resolved     bugs: { url: 'https://github.com/gulpjs/gulp/issues' },
39 silly resolved     _id: 'gulp@3.9.0',
39 silly resolved     _shasum: 'cf1fba4cb558bb8c6ae6c9613f583ae2620d214a',
39 silly resolved     _from: 'gulp@',
39 silly resolved     _npmVersion: '2.8.3',
39 silly resolved     _nodeVersion: '0.10.36',
39 silly resolved     _npmUser: { name: 'phated', email: 'blaine@iceddev.com' },
39 silly resolved     maintainers: [ [Object], [Object] ],
39 silly resolved     dist:
39 silly resolved      { shasum: 'cf1fba4cb558bb8c6ae6c9613f583ae2620d214a',
39 silly resolved        tarball: 'http://registry.npmjs.org/gulp/-/gulp-3.9.0.tgz' },
39 silly resolved     directories: {},
39 silly resolved     _resolved: 'https://registry.npmjs.org/gulp/-/gulp-3.9.0.tgz',
39 silly resolved     readme: 'ERROR: No README data found!' } ]
40 info install gulp@3.9.0 into /usr/local/lib
41 info installOne gulp@3.9.0
42 verbose lib/node_modules/gulp unbuild
43 info preuninstall gulp@3.8.11
44 info uninstall gulp@3.8.11
45 verbose true,/usr/local/lib/node_modules,/usr/local/lib/node_modules unbuild gulp@3.8.11
46 verbose /usr/local/bin,[object Object] binRoot
47 verbose lib/node_modules/gulp unbuild
48 info preuninstall gulp@3.8.11
49 info uninstall gulp@3.8.11
50 verbose true,/usr/local/lib/node_modules,/usr/local/lib/node_modules unbuild gulp@3.8.11
51 verbose /usr/local/bin,[object Object] binRoot
52 error error rolling back Error: EACCES, unlink '/usr/local/bin/gulp'
52 error error rolling back  gulp@3.9.0 { [Error: EACCES, unlink '/usr/local/bin/gulp'] errno: 3, code: 'EACCES', path: '/usr/local/bin/gulp' }
53 error Error: EACCES, unlink '/usr/local/bin/gulp'
53 error  { [Error: EACCES, unlink '/usr/local/bin/gulp'] errno: 3, code: 'EACCES', path: '/usr/local/bin/gulp' }
54 error Please try running this command again as root/Administrator.
55 error System Darwin 14.1.0
56 error command "node" "/usr/local/bin/npm" "install" "-g" "gulp"
57 error cwd /Users/dangson/Desktop/myface-html
58 error node -v v0.10.30
59 error npm -v 1.4.21
60 error path /usr/local/bin/gulp
61 error code EACCES
62 error errno 3
63 error stack Error: EACCES, unlink '/usr/local/bin/gulp'
64 verbose exit [ 3, true ]
